<?xml version="1.0" encoding="UTF-8"?>
<!-- Generated by org.testng.reporters.JUnitXMLReporter -->
<testsuite ignored="0" hostname="LAPTOP-8FRMBSEQ" failures="0" tests="4" name="Loginpage" time="136.048" errors="0" timestamp="25 Sep 2020 01:34:54 GMT">
  <testcase classname="Testcases.Login_TestCases" name="loginVerified" time="11.789"/>
  <testcase classname="Testcases.Login_TestCases" name="loginVerified" time="6.211"/>
  <testcase classname="Testcases.Login_TestCases" name="loginVerified" time="11.834"/>
  <testcase classname="Testcases.Login_TestCases" name="loginVerified" time="10.559"/>
</testsuite> <!-- Loginpage -->
