<?xml version="1.0" encoding="UTF-8"?>
<testng-results ignored="0" total="2" passed="0" failed="2" skipped="0">
  <reporter-output>
  </reporter-output>
  <suite started-at="2020-08-25T00:46:26Z" name="Suite" finished-at="2020-08-25T00:47:31Z" duration-ms="65338">
    <groups>
    </groups>
    <test started-at="2020-08-25T00:46:26Z" name="Test-1" finished-at="2020-08-25T00:47:31Z" duration-ms="65338">
      <class name="Testcases.Login_TestCases">
        <test-method signature="loginVerified(java.lang.String, java.lang.String, java.lang.String)[pri:0, instance:Testcases.Login_TestCases@316bcf94]" started-at="2020-08-25T00:46:26Z" name="loginVerified" data-provider="exceltestdata" finished-at="2020-08-25T00:46:52Z" duration-ms="25832" status="FAIL">
          <exception class="java.lang.NullPointerException">
            <full-stacktrace>
              <![CDATA[java.lang.NullPointerException
at Utilities.ExtentReporting.onTestSuccess(ExtentReporting.java:53)
at org.testng.internal.TestListenerHelper.runTestListeners(TestListenerHelper.java:70)
at org.testng.internal.Invoker.runTestListeners(Invoker.java:1389)
at org.testng.internal.Invoker.invokeMethod(Invoker.java:636)
at org.testng.internal.Invoker.invokeTestMethod(Invoker.java:719)
at org.testng.internal.Invoker.invokeTestMethods(Invoker.java:989)
at org.testng.internal.TestMethodWorker.invokeTestMethods(TestMethodWorker.java:125)
at org.testng.internal.TestMethodWorker.run(TestMethodWorker.java:109)
at org.testng.TestRunner.privateRun(TestRunner.java:648)
at org.testng.TestRunner.run(TestRunner.java:505)
at org.testng.SuiteRunner.runTest(SuiteRunner.java:455)
at org.testng.SuiteRunner.runSequentially(SuiteRunner.java:450)
at org.testng.SuiteRunner.privateRun(SuiteRunner.java:415)
at org.testng.SuiteRunner.run(SuiteRunner.java:364)
at org.testng.SuiteRunnerWorker.runSuite(SuiteRunnerWorker.java:52)
at org.testng.SuiteRunnerWorker.run(SuiteRunnerWorker.java:84)
at org.testng.TestNG.runSuitesSequentially(TestNG.java:1208)
at org.testng.TestNG.runSuitesLocally(TestNG.java:1137)
at org.testng.TestNG.runSuites(TestNG.java:1049)
at org.testng.TestNG.run(TestNG.java:1017)
at org.testng.remote.AbstractRemoteTestNG.run(AbstractRemoteTestNG.java:115)
at org.testng.remote.RemoteTestNG.initAndRun(RemoteTestNG.java:251)
at org.testng.remote.RemoteTestNG.main(RemoteTestNG.java:77)
]]>
            </full-stacktrace>
          </exception> <!-- java.lang.NullPointerException -->
          <reporter-output>
          </reporter-output>
        </test-method> <!-- loginVerified -->
        <test-method is-config="true" signature="setup(java.lang.String)[pri:0, instance:Testcases.Login_TestCases@316bcf94]" started-at="2020-08-25T00:46:27Z" name="setup" finished-at="2020-08-25T00:46:43Z" duration-ms="15940" status="PASS">
          <params>
            <param index="0">
              <value>
                <![CDATA[chrome]]>
              </value>
            </param>
          </params>
          <reporter-output>
          </reporter-output>
        </test-method> <!-- setup -->
        <test-method is-config="true" signature="setup()[pri:0, instance:Testcases.Login_TestCases@316bcf94]" started-at="2020-08-25T00:46:43Z" name="setup" finished-at="2020-08-25T00:46:44Z" duration-ms="97" status="PASS">
          <reporter-output>
          </reporter-output>
        </test-method> <!-- setup -->
        <test-method is-config="true" signature="mail()[pri:0, instance:Testcases.Login_TestCases@316bcf94]" started-at="2020-08-25T00:46:52Z" name="mail" finished-at="2020-08-25T00:46:56Z" duration-ms="4620" status="PASS">
          <reporter-output>
          </reporter-output>
        </test-method> <!-- mail -->
      </class> <!-- Testcases.Login_TestCases -->
      <class name="Testcases.HomePage_Testcases">
        <test-method signature="verifyhomepagetitle()[pri:0, instance:Testcases.HomePage_Testcases@6404f418]" started-at="2020-08-25T00:46:56Z" name="verifyhomepagetitle" finished-at="2020-08-25T00:47:31Z" duration-ms="34818" status="FAIL">
          <exception class="java.lang.NullPointerException">
            <full-stacktrace>
              <![CDATA[java.lang.NullPointerException
at Utilities.ExtentReporting.onTestSuccess(ExtentReporting.java:53)
at org.testng.internal.TestListenerHelper.runTestListeners(TestListenerHelper.java:70)
at org.testng.internal.Invoker.runTestListeners(Invoker.java:1389)
at org.testng.internal.Invoker.invokeMethod(Invoker.java:636)
at org.testng.internal.Invoker.invokeTestMethod(Invoker.java:719)
at org.testng.internal.Invoker.invokeTestMethods(Invoker.java:989)
at org.testng.internal.TestMethodWorker.invokeTestMethods(TestMethodWorker.java:125)
at org.testng.internal.TestMethodWorker.run(TestMethodWorker.java:109)
at org.testng.TestRunner.privateRun(TestRunner.java:648)
at org.testng.TestRunner.run(TestRunner.java:505)
at org.testng.SuiteRunner.runTest(SuiteRunner.java:455)
at org.testng.SuiteRunner.runSequentially(SuiteRunner.java:450)
at org.testng.SuiteRunner.privateRun(SuiteRunner.java:415)
at org.testng.SuiteRunner.run(SuiteRunner.java:364)
at org.testng.SuiteRunnerWorker.runSuite(SuiteRunnerWorker.java:52)
at org.testng.SuiteRunnerWorker.run(SuiteRunnerWorker.java:84)
at org.testng.TestNG.runSuitesSequentially(TestNG.java:1208)
at org.testng.TestNG.runSuitesLocally(TestNG.java:1137)
at org.testng.TestNG.runSuites(TestNG.java:1049)
at org.testng.TestNG.run(TestNG.java:1017)
at org.testng.remote.AbstractRemoteTestNG.run(AbstractRemoteTestNG.java:115)
at org.testng.remote.RemoteTestNG.initAndRun(RemoteTestNG.java:251)
at org.testng.remote.RemoteTestNG.main(RemoteTestNG.java:77)
]]>
            </full-stacktrace>
          </exception> <!-- java.lang.NullPointerException -->
          <reporter-output>
          </reporter-output>
        </test-method> <!-- verifyhomepagetitle -->
        <test-method is-config="true" signature="setup(java.lang.String)[pri:0, instance:Testcases.HomePage_Testcases@6404f418]" started-at="2020-08-25T00:46:56Z" name="setup" finished-at="2020-08-25T00:47:17Z" duration-ms="20374" status="PASS">
          <params>
            <param index="0">
              <value>
                <![CDATA[chrome]]>
              </value>
            </param>
          </params>
          <reporter-output>
          </reporter-output>
        </test-method> <!-- setup -->
        <test-method is-config="true" signature="login()[pri:0, instance:Testcases.HomePage_Testcases@6404f418]" started-at="2020-08-25T00:47:17Z" name="login" finished-at="2020-08-25T00:47:31Z" duration-ms="14404" status="PASS">
          <reporter-output>
          </reporter-output>
        </test-method> <!-- login -->
      </class> <!-- Testcases.HomePage_Testcases -->
    </test> <!-- Test-1 -->
  </suite> <!-- Suite -->
</testng-results>
