<?xml version="1.0" encoding="UTF-8"?>
<!-- Generated by org.testng.reporters.JUnitXMLReporter -->
<testsuite ignored="0" hostname="LAPTOP-8FRMBSEQ" failures="0" tests="8" name="Login/Registration" time="284.256" errors="0" timestamp="28 Aug 2020 19:35:16 GMT">
  <testcase classname="Testcases.Login_TestCases" name="@AfterClass mail" time="0.104">
    <failure type="org.apache.commons.mail.EmailException" message="javax.mail.internet.AddressException: Missing final &amp;apos;@domain&amp;apos; in string ``nikita&amp;apos;&amp;apos;">
      <![CDATA[org.apache.commons.mail.EmailException: javax.mail.internet.AddressException: Missing final '@domain' in string ``nikita''
at org.apache.commons.mail.Email.createInternetAddress(Email.java:1974)
at org.apache.commons.mail.Email.setFrom(Email.java:757)
at org.apache.commons.mail.Email.setFrom(Email.java:740)
at org.apache.commons.mail.Email.setFrom(Email.java:720)
at Utilities.EmailUtil.sendemail(EmailUtil.java:35)
at Testcases.Login_TestCases.mail(Login_TestCases.java:59)
Caused by: javax.mail.internet.AddressException: Missing final '@domain' in string ``nikita''
at javax.mail.internet.InternetAddress.checkAddress(InternetAddress.java:1388)
at javax.mail.internet.InternetAddress.validate(InternetAddress.java:1253)
at org.apache.commons.mail.Email.createInternetAddress(Email.java:1970)
... 31 more
... Removed 26 stack frames]]>
    </failure>
  </testcase> <!-- @AfterClass mail -->
  <testcase classname="Testcases.Login_TestCases" name="loginVerified" time="10.993"/>
  <testcase classname="Testcases.Login_TestCases" name="loginVerified" time="10.592"/>
  <testcase classname="Testcases.Login_TestCases" name="loginVerified" time="11.414"/>
  <testcase classname="Testcases.Login_TestCases" name="loginVerified" time="11.696"/>
  <testcase classname="Testcases.Registration_testcase" name="registration" time="20.583"/>
  <testcase classname="Testcases.Registration_testcase" name="registration" time="10.866"/>
  <testcase classname="Testcases.Registration_testcase" name="registration" time="11.687"/>
  <testcase classname="Testcases.Registration_testcase" name="registration" time="25.742"/>
</testsuite> <!-- Login/Registration -->
